<?xml version="1.0" encoding="UTF-8"?>
<!-- Generated by org.testng.reporters.JUnitReportReporter -->
<testsuite hostname="Nishant-PC" name="learn_selenium.learn_selenium_maven.Testing_Validations" tests="1" failures="0" timestamp="31 May 2017 08:07:03 GMT" time="0.014" errors="0">
  <testcase name="test" time="0.014" classname="learn_selenium.learn_selenium_maven.Testing_Validations"/>
</testsuite> <!-- learn_selenium.learn_selenium_maven.Testing_Validations -->
