<?xml version="1.0" encoding="UTF-8"?>
<!-- Generated by org.testng.reporters.JUnitReportReporter -->
<testsuite hostname="Nishant-PC" name="reports_TestNG.Testing_validations_testng" tests="1" failures="0" timestamp="31 May 2017 08:07:03 GMT" time="14.747" errors="0">
  <testcase name="test_report_assert1" time="14.747" classname="reports_TestNG.Testing_validations_testng"/>
</testsuite> <!-- reports_TestNG.Testing_validations_testng -->
