<?xml version="1.0" encoding="UTF-8"?>
<!-- Generated by org.testng.reporters.JUnitReportReporter -->
<testsuite hostname="Nishant-PC" name="learn_selenium.learn_selenium_maven.AppTest" tests="1" failures="0" timestamp="31 May 2017 08:07:03 GMT" time="0.002" errors="0">
  <testcase name="testApp" time="0.002" classname="learn_selenium.learn_selenium_maven.AppTest"/>
</testsuite> <!-- learn_selenium.learn_selenium_maven.AppTest -->
