<?xml version="1.0" encoding="UTF-8"?>
<!-- Generated by org.testng.reporters.JUnitReportReporter -->
<testsuite hostname="Nishant-PC" name="learn_selenium.learn_selenium_maven.Scrolling" tests="1" failures="0" timestamp="1 Jun 2017 04:54:04 GMT" time="73.003" errors="0">
  <testcase name="test" time="73.003" classname="learn_selenium.learn_selenium_maven.Scrolling"/>
</testsuite> <!-- learn_selenium.learn_selenium_maven.Scrolling -->
