<?xml version="1.0" encoding="UTF-8"?>
<!-- Generated by org.testng.reporters.JUnitReportReporter -->
<testsuite hostname="Nishant-PC" name="learn_selenium.learn_selenium_maven.Testing_Validations" tests="1" failures="0" timestamp="1 Jun 2017 04:43:14 GMT" time="16.539" errors="0">
  <testcase name="test" time="16.539" classname="learn_selenium.learn_selenium_maven.Testing_Validations"/>
</testsuite> <!-- learn_selenium.learn_selenium_maven.Testing_Validations -->
