<?xml version="1.0" encoding="UTF-8"?>
<!-- Generated by org.testng.reporters.JUnitReportReporter -->
<testsuite hostname="Nishant-PC" name="learn_selenium.learn_selenium_maven.Mouse_Events" tests="1" failures="0" timestamp="1 Jun 2017 05:26:42 GMT" time="69.286" errors="0">
  <testcase name="testing_mouse_actions" time="69.286" classname="learn_selenium.learn_selenium_maven.Mouse_Events"/>
</testsuite> <!-- learn_selenium.learn_selenium_maven.Mouse_Events -->
