<?xml version="1.0" encoding="UTF-8"?>
<!-- Generated by org.testng.reporters.JUnitReportReporter -->
<testsuite hostname="Nishant-PC" name="learn_selenium.learn_selenium_maven.Sample" tests="1" failures="0" timestamp="7 May 2017 09:52:40 GMT" time="18.672" errors="0">
  <testcase name="sample_test" time="18.672" classname="learn_selenium.learn_selenium_maven.Sample"/>
</testsuite> <!-- learn_selenium.learn_selenium_maven.Sample -->
